<?xml version="1.0" encoding="UTF-8"?>
<coverage generated="1587511812978" clover="3.2.0">
  <project timestamp="1587511812978" name="All files">
    <metrics statements="26" coveredstatements="22" conditionals="6" coveredconditionals="6" methods="11" coveredmethods="7" elements="43" coveredelements="35" complexity="0" loc="26" ncloc="26" packages="1" files="1" classes="1"/>
    <file name="index.js" path="C:\Users\Jeanne\OneDrive\Vinícius\Curso Future4\Vinicius-Abuhid\semana12\taskList 2.0\src\containers\Planner\index.js">
      <metrics statements="26" coveredstatements="22" conditionals="6" coveredconditionals="6" methods="11" coveredmethods="7"/>
      <line num="8" count="1" type="stmt"/>
      <line num="19" count="1" type="stmt"/>
      <line num="26" count="1" type="stmt"/>
      <line num="36" count="1" type="stmt"/>
      <line num="41" count="1" type="stmt"/>
      <line num="46" count="4" type="stmt"/>
      <line num="47" count="4" type="stmt"/>
      <line num="53" count="5" type="stmt"/>
      <line num="56" count="4" type="stmt"/>
      <line num="57" count="1" type="stmt"/>
      <line num="58" count="1" type="stmt"/>
      <line num="63" count="4" type="stmt"/>
      <line num="64" count="1" type="stmt"/>
      <line num="65" count="1" type="stmt"/>
      <line num="66" count="1" type="stmt"/>
      <line num="72" count="6" type="stmt"/>
      <line num="74" count="6" type="stmt"/>
      <line num="85" count="42" type="stmt"/>
      <line num="89" count="126" type="cond" truecount="2" falsecount="0"/>
      <line num="90" count="18" type="stmt"/>
      <line num="102" count="1" type="stmt"/>
      <line num="103" count="0" type="stmt"/>
      <line num="108" count="1" type="stmt"/>
      <line num="109" count="0" type="stmt"/>
      <line num="110" count="0" type="stmt"/>
      <line num="111" count="0" type="stmt"/>
    </file>
  </project>
</coverage>
