{"C:\\Users\\Jeanne\\OneDrive\\Vinícius\\Curso Future4\\Vinicius-Abuhid\\semana12\\src\\actions\\actions.js": {"path":"C:\\Users\\Jeanne\\OneDrive\\Vinícius\\Curso Future4\\Vinicius-Abuhid\\semana12\\src\\actions\\actions.js","statementMap":{"0":{"start":{"line":3,"column":16},"end":{"line":3,"column":101}},"1":{"start":{"line":5,"column":23},"end":{"line":12,"column":1}},"2":{"start":{"line":6,"column":4},"end":{"line":11,"column":5}},"3":{"start":{"line":14,"column":27},"end":{"line":23,"column":1}},"4":{"start":{"line":14,"column":33},"end":{"line":23,"column":1}},"5":{"start":{"line":15,"column":4},"end":{"line":22,"column":5}},"6":{"start":{"line":16,"column":23},"end":{"line":16,"column":47}},"7":{"start":{"line":17,"column":8},"end":{"line":17,"column":32}},"8":{"start":{"line":18,"column":8},"end":{"line":18,"column":38}},"9":{"start":{"line":21,"column":8},"end":{"line":21,"column":26}},"10":{"start":{"line":25,"column":26},"end":{"line":34,"column":1}},"11":{"start":{"line":25,"column":40},"end":{"line":34,"column":1}},"12":{"start":{"line":26,"column":4},"end":{"line":33,"column":5}},"13":{"start":{"line":27,"column":23},"end":{"line":27,"column":58}},"14":{"start":{"line":28,"column":8},"end":{"line":28,"column":32}},"15":{"start":{"line":29,"column":8},"end":{"line":29,"column":31}},"16":{"start":{"line":32,"column":8},"end":{"line":32,"column":26}}},"fnMap":{"0":{"name":"(anonymous_0)","decl":{"start":{"line":5,"column":23},"end":{"line":5,"column":24}},"loc":{"start":{"line":5,"column":37},"end":{"line":12,"column":1}},"line":5},"1":{"name":"(anonymous_1)","decl":{"start":{"line":14,"column":27},"end":{"line":14,"column":28}},"loc":{"start":{"line":14,"column":33},"end":{"line":23,"column":1}},"line":14},"2":{"name":"(anonymous_2)","decl":{"start":{"line":14,"column":33},"end":{"line":14,"column":34}},"loc":{"start":{"line":14,"column":52},"end":{"line":23,"column":1}},"line":14},"3":{"name":"(anonymous_3)","decl":{"start":{"line":25,"column":26},"end":{"line":25,"column":27}},"loc":{"start":{"line":25,"column":40},"end":{"line":34,"column":1}},"line":25},"4":{"name":"(anonymous_4)","decl":{"start":{"line":25,"column":40},"end":{"line":25,"column":41}},"loc":{"start":{"line":25,"column":59},"end":{"line":34,"column":1}},"line":25}},"branchMap":{},"s":{"0":3,"1":3,"2":2,"3":3,"4":0,"5":0,"6":0,"7":0,"8":0,"9":0,"10":3,"11":0,"12":0,"13":0,"14":0,"15":0,"16":0},"f":{"0":2,"1":0,"2":0,"3":0,"4":0},"b":{},"_coverageSchema":"43e27e138ebf9cfc5966b082cf9a028302ed4184","hash":"f660c62a9d731e8fd5e5587c7b72c175e66f168a"}
,"C:\\Users\\Jeanne\\OneDrive\\Vinícius\\Curso Future4\\Vinicius-Abuhid\\semana12\\src\\components\\addNewTaskBar.js": {"path":"C:\\Users\\Jeanne\\OneDrive\\Vinícius\\Curso Future4\\Vinicius-Abuhid\\semana12\\src\\components\\addNewTaskBar.js","statementMap":{"0":{"start":{"line":4,"column":20},"end":{"line":10,"column":1}},"1":{"start":{"line":11,"column":20},"end":{"line":13,"column":1}},"2":{"start":{"line":14,"column":22},"end":{"line":17,"column":1}},"3":{"start":{"line":18,"column":29},"end":{"line":19,"column":1}},"4":{"start":{"line":20,"column":28},"end":{"line":21,"column":1}},"5":{"start":{"line":22,"column":29},"end":{"line":23,"column":1}},"6":{"start":{"line":27,"column":8},"end":{"line":27,"column":20}},"7":{"start":{"line":30,"column":8},"end":{"line":60,"column":9}}},"fnMap":{"0":{"name":"(anonymous_0)","decl":{"start":{"line":26,"column":4},"end":{"line":26,"column":5}},"loc":{"start":{"line":26,"column":22},"end":{"line":28,"column":5}},"line":26},"1":{"name":"(anonymous_1)","decl":{"start":{"line":29,"column":4},"end":{"line":29,"column":5}},"loc":{"start":{"line":29,"column":12},"end":{"line":61,"column":5}},"line":29}},"branchMap":{},"s":{"0":2,"1":2,"2":2,"3":2,"4":2,"5":2,"6":3,"7":3},"f":{"0":3,"1":3},"b":{},"_coverageSchema":"43e27e138ebf9cfc5966b082cf9a028302ed4184","hash":"f6094dc4144006729cebf3aadccedd07c9bf4243"}
,"C:\\Users\\Jeanne\\OneDrive\\Vinícius\\Curso Future4\\Vinicius-Abuhid\\semana12\\src\\components\\taskCard.js": {"path":"C:\\Users\\Jeanne\\OneDrive\\Vinícius\\Curso Future4\\Vinicius-Abuhid\\semana12\\src\\components\\taskCard.js","statementMap":{},"fnMap":{},"branchMap":{},"s":{},"f":{},"b":{},"hash":"d66084d2b6162c68087acd584dd01422587ddb09"}
,"C:\\Users\\Jeanne\\OneDrive\\Vinícius\\Curso Future4\\Vinicius-Abuhid\\semana12\\src\\containers\\Planner\\index.js": {"path":"C:\\Users\\Jeanne\\OneDrive\\Vinícius\\Curso Future4\\Vinicius-Abuhid\\semana12\\src\\containers\\Planner\\index.js","statementMap":{"0":{"start":{"line":8,"column":14},"end":{"line":14,"column":1}},"1":{"start":{"line":16,"column":16},"end":{"line":22,"column":1}},"2":{"start":{"line":23,"column":23},"end":{"line":28,"column":1}},"3":{"start":{"line":32,"column":4},"end":{"line":32,"column":16}},"4":{"start":{"line":33,"column":4},"end":{"line":35,"column":5}},"5":{"start":{"line":39,"column":4},"end":{"line":39,"column":28}},"6":{"start":{"line":42,"column":16},"end":{"line":47,"column":3}},"7":{"start":{"line":43,"column":28},"end":{"line":43,"column":36}},"8":{"start":{"line":44,"column":4},"end":{"line":46,"column":6}},"9":{"start":{"line":49,"column":15},"end":{"line":52,"column":3}},"10":{"start":{"line":50,"column":4},"end":{"line":50,"column":23}},"11":{"start":{"line":51,"column":4},"end":{"line":51,"column":47}},"12":{"start":{"line":55,"column":19},"end":{"line":56,"column":22}},"13":{"start":{"line":57,"column":4},"end":{"line":79,"column":6}},"14":{"start":{"line":67,"column":10},"end":{"line":75,"column":28}},"15":{"start":{"line":71,"column":20},"end":{"line":72,"column":62}},"16":{"start":{"line":72,"column":20},"end":{"line":72,"column":61}},"17":{"start":{"line":83,"column":24},"end":{"line":87,"column":1}},"18":{"start":{"line":84,"column":2},"end":{"line":86,"column":3}},"19":{"start":{"line":89,"column":27},"end":{"line":94,"column":1}},"20":{"start":{"line":90,"column":2},"end":{"line":93,"column":3}},"21":{"start":{"line":91,"column":23},"end":{"line":91,"column":46}},"22":{"start":{"line":92,"column":31},"end":{"line":92,"column":61}}},"fnMap":{"0":{"name":"(anonymous_0)","decl":{"start":{"line":31,"column":2},"end":{"line":31,"column":3}},"loc":{"start":{"line":31,"column":20},"end":{"line":36,"column":3}},"line":31},"1":{"name":"(anonymous_1)","decl":{"start":{"line":38,"column":2},"end":{"line":38,"column":3}},"loc":{"start":{"line":38,"column":21},"end":{"line":40,"column":3}},"line":38},"2":{"name":"(anonymous_2)","decl":{"start":{"line":42,"column":16},"end":{"line":42,"column":17}},"loc":{"start":{"line":42,"column":22},"end":{"line":47,"column":3}},"line":42},"3":{"name":"(anonymous_3)","decl":{"start":{"line":49,"column":15},"end":{"line":49,"column":16}},"loc":{"start":{"line":49,"column":21},"end":{"line":52,"column":3}},"line":49},"4":{"name":"(anonymous_4)","decl":{"start":{"line":54,"column":2},"end":{"line":54,"column":3}},"loc":{"start":{"line":54,"column":11},"end":{"line":80,"column":3}},"line":54},"5":{"name":"(anonymous_5)","decl":{"start":{"line":66,"column":25},"end":{"line":66,"column":26}},"loc":{"start":{"line":66,"column":41},"end":{"line":75,"column":29}},"line":66},"6":{"name":"(anonymous_6)","decl":{"start":{"line":70,"column":45},"end":{"line":70,"column":46}},"loc":{"start":{"line":70,"column":52},"end":{"line":73,"column":21}},"line":70},"7":{"name":"(anonymous_7)","decl":{"start":{"line":83,"column":24},"end":{"line":83,"column":25}},"loc":{"start":{"line":83,"column":35},"end":{"line":87,"column":1}},"line":83},"8":{"name":"(anonymous_8)","decl":{"start":{"line":89,"column":27},"end":{"line":89,"column":28}},"loc":{"start":{"line":89,"column":41},"end":{"line":94,"column":1}},"line":89},"9":{"name":"(anonymous_9)","decl":{"start":{"line":91,"column":17},"end":{"line":91,"column":18}},"loc":{"start":{"line":91,"column":23},"end":{"line":91,"column":46}},"line":91},"10":{"name":"(anonymous_10)","decl":{"start":{"line":92,"column":17},"end":{"line":92,"column":18}},"loc":{"start":{"line":92,"column":31},"end":{"line":92,"column":61}},"line":92}},"branchMap":{"0":{"loc":{"start":{"line":61,"column":19},"end":{"line":61,"column":49}},"type":"binary-expr","locations":[{"start":{"line":61,"column":19},"end":{"line":61,"column":43}},{"start":{"line":61,"column":47},"end":{"line":61,"column":49}}],"line":61},"1":{"loc":{"start":{"line":62,"column":24},"end":{"line":62,"column":53}},"type":"binary-expr","locations":[{"start":{"line":62,"column":24},"end":{"line":62,"column":47}},{"start":{"line":62,"column":51},"end":{"line":62,"column":53}}],"line":62},"2":{"loc":{"start":{"line":71,"column":20},"end":{"line":72,"column":62}},"type":"if","locations":[{"start":{"line":71,"column":20},"end":{"line":72,"column":62}},{"start":{"line":71,"column":20},"end":{"line":72,"column":62}}],"line":71}},"s":{"0":1,"1":1,"2":1,"3":2,"4":2,"5":3,"6":2,"7":0,"8":0,"9":2,"10":1,"11":0,"12":2,"13":2,"14":14,"15":42,"16":0,"17":1,"18":0,"19":1,"20":0,"21":0,"22":0},"f":{"0":2,"1":3,"2":0,"3":1,"4":2,"5":14,"6":42,"7":0,"8":0,"9":0,"10":0},"b":{"0":[2,2],"1":[2,2],"2":[0,42]},"_coverageSchema":"43e27e138ebf9cfc5966b082cf9a028302ed4184","hash":"764bb40f90bc297f4660e5c3becc995703483d4e"}
}
