{"C:\\Users\\Jeanne\\OneDrive\\Vinícius\\Curso Future4\\Vinicius-Abuhid\\semana12\\taskList 2.0\\src\\containers\\Planner\\index.js": {"path":"C:\\Users\\Jeanne\\OneDrive\\Vinícius\\Curso Future4\\Vinicius-Abuhid\\semana12\\taskList 2.0\\src\\containers\\Planner\\index.js","statementMap":{"0":{"start":{"line":8,"column":14},"end":{"line":17,"column":1}},"1":{"start":{"line":19,"column":23},"end":{"line":24,"column":1}},"2":{"start":{"line":26,"column":23},"end":{"line":35,"column":1}},"3":{"start":{"line":36,"column":20},"end":{"line":40,"column":1}},"4":{"start":{"line":41,"column":18},"end":{"line":42,"column":1}},"5":{"start":{"line":46,"column":4},"end":{"line":46,"column":16}},"6":{"start":{"line":47,"column":4},"end":{"line":49,"column":5}},"7":{"start":{"line":53,"column":4},"end":{"line":53,"column":28}},"8":{"start":{"line":56,"column":16},"end":{"line":61,"column":3}},"9":{"start":{"line":57,"column":28},"end":{"line":57,"column":36}},"10":{"start":{"line":58,"column":4},"end":{"line":60,"column":6}},"11":{"start":{"line":63,"column":15},"end":{"line":69,"column":3}},"12":{"start":{"line":64,"column":4},"end":{"line":64,"column":23}},"13":{"start":{"line":65,"column":4},"end":{"line":65,"column":47}},"14":{"start":{"line":66,"column":4},"end":{"line":68,"column":6}},"15":{"start":{"line":72,"column":19},"end":{"line":73,"column":22}},"16":{"start":{"line":74,"column":4},"end":{"line":98,"column":6}},"17":{"start":{"line":85,"column":10},"end":{"line":93,"column":28}},"18":{"start":{"line":89,"column":20},"end":{"line":90,"column":62}},"19":{"start":{"line":90,"column":20},"end":{"line":90,"column":61}},"20":{"start":{"line":102,"column":24},"end":{"line":106,"column":1}},"21":{"start":{"line":103,"column":2},"end":{"line":105,"column":3}},"22":{"start":{"line":108,"column":27},"end":{"line":113,"column":1}},"23":{"start":{"line":109,"column":2},"end":{"line":112,"column":3}},"24":{"start":{"line":110,"column":23},"end":{"line":110,"column":46}},"25":{"start":{"line":111,"column":31},"end":{"line":111,"column":61}}},"fnMap":{"0":{"name":"(anonymous_0)","decl":{"start":{"line":45,"column":2},"end":{"line":45,"column":3}},"loc":{"start":{"line":45,"column":20},"end":{"line":50,"column":3}},"line":45},"1":{"name":"(anonymous_1)","decl":{"start":{"line":52,"column":2},"end":{"line":52,"column":3}},"loc":{"start":{"line":52,"column":21},"end":{"line":54,"column":3}},"line":52},"2":{"name":"(anonymous_2)","decl":{"start":{"line":56,"column":16},"end":{"line":56,"column":17}},"loc":{"start":{"line":56,"column":22},"end":{"line":61,"column":3}},"line":56},"3":{"name":"(anonymous_3)","decl":{"start":{"line":63,"column":15},"end":{"line":63,"column":16}},"loc":{"start":{"line":63,"column":21},"end":{"line":69,"column":3}},"line":63},"4":{"name":"(anonymous_4)","decl":{"start":{"line":71,"column":2},"end":{"line":71,"column":3}},"loc":{"start":{"line":71,"column":11},"end":{"line":99,"column":3}},"line":71},"5":{"name":"(anonymous_5)","decl":{"start":{"line":84,"column":25},"end":{"line":84,"column":26}},"loc":{"start":{"line":84,"column":41},"end":{"line":93,"column":29}},"line":84},"6":{"name":"(anonymous_6)","decl":{"start":{"line":88,"column":45},"end":{"line":88,"column":46}},"loc":{"start":{"line":88,"column":52},"end":{"line":91,"column":21}},"line":88},"7":{"name":"(anonymous_7)","decl":{"start":{"line":102,"column":24},"end":{"line":102,"column":25}},"loc":{"start":{"line":102,"column":35},"end":{"line":106,"column":1}},"line":102},"8":{"name":"(anonymous_8)","decl":{"start":{"line":108,"column":27},"end":{"line":108,"column":28}},"loc":{"start":{"line":108,"column":41},"end":{"line":113,"column":1}},"line":108},"9":{"name":"(anonymous_9)","decl":{"start":{"line":110,"column":17},"end":{"line":110,"column":18}},"loc":{"start":{"line":110,"column":23},"end":{"line":110,"column":46}},"line":110},"10":{"name":"(anonymous_10)","decl":{"start":{"line":111,"column":17},"end":{"line":111,"column":18}},"loc":{"start":{"line":111,"column":31},"end":{"line":111,"column":61}},"line":111}},"branchMap":{"0":{"loc":{"start":{"line":79,"column":19},"end":{"line":79,"column":49}},"type":"binary-expr","locations":[{"start":{"line":79,"column":19},"end":{"line":79,"column":43}},{"start":{"line":79,"column":47},"end":{"line":79,"column":49}}],"line":79},"1":{"loc":{"start":{"line":80,"column":24},"end":{"line":80,"column":53}},"type":"binary-expr","locations":[{"start":{"line":80,"column":24},"end":{"line":80,"column":47}},{"start":{"line":80,"column":51},"end":{"line":80,"column":53}}],"line":80},"2":{"loc":{"start":{"line":89,"column":20},"end":{"line":90,"column":62}},"type":"if","locations":[{"start":{"line":89,"column":20},"end":{"line":90,"column":62}},{"start":{"line":89,"column":20},"end":{"line":90,"column":62}}],"line":89}},"s":{"0":1,"1":1,"2":1,"3":1,"4":1,"5":4,"6":4,"7":5,"8":4,"9":1,"10":1,"11":4,"12":1,"13":1,"14":1,"15":6,"16":6,"17":42,"18":126,"19":18,"20":1,"21":0,"22":1,"23":0,"24":0,"25":0},"f":{"0":4,"1":5,"2":1,"3":1,"4":6,"5":42,"6":126,"7":0,"8":0,"9":0,"10":0},"b":{"0":[6,6],"1":[6,6],"2":[18,108]},"_coverageSchema":"43e27e138ebf9cfc5966b082cf9a028302ed4184","hash":"02547ea4c42d05722e9c9e87fbe572edd9060bd8"}
}
