TN:
SF:C:\Users\Jeanne\OneDrive\Vinícius\Curso Future4\Vinicius-Abuhid\semana12\taskList 2.0\src\actions\actions.js
FN:5,(anonymous_0)
FN:14,(anonymous_1)
FN:14,(anonymous_2)
FN:25,(anonymous_3)
FN:25,(anonymous_4)
FNF:5
FNH:5
FNDA:4,(anonymous_0)
FNDA:2,(anonymous_1)
FNDA:1,(anonymous_2)
FNDA:1,(anonymous_3)
FNDA:1,(anonymous_4)
DA:3,3
DA:5,3
DA:6,4
DA:14,3
DA:15,1
DA:16,1
DA:17,1
DA:18,1
DA:21,0
DA:25,3
DA:26,1
DA:27,1
DA:28,1
DA:29,1
DA:32,0
LF:15
LH:13
BRF:0
BRH:0
end_of_record
TN:
SF:C:\Users\Jeanne\OneDrive\Vinícius\Curso Future4\Vinicius-Abuhid\semana12\taskList 2.0\src\containers\Planner\index.js
FN:30,(anonymous_0)
FN:37,(anonymous_1)
FN:41,(anonymous_2)
FN:48,(anonymous_3)
FN:53,(anonymous_4)
FN:65,(anonymous_5)
FN:69,(anonymous_6)
FN:82,(anonymous_7)
FN:88,(anonymous_8)
FN:90,(anonymous_9)
FN:91,(anonymous_10)
FNF:11
FNH:7
FNDA:3,(anonymous_0)
FNDA:4,(anonymous_1)
FNDA:1,(anonymous_2)
FNDA:1,(anonymous_3)
FNDA:4,(anonymous_4)
FNDA:28,(anonymous_5)
FNDA:84,(anonymous_6)
FNDA:0,(anonymous_7)
FNDA:0,(anonymous_8)
FNDA:0,(anonymous_9)
FNDA:0,(anonymous_10)
DA:7,1
DA:15,1
DA:22,1
DA:31,3
DA:32,3
DA:38,4
DA:41,3
DA:42,1
DA:43,1
DA:48,3
DA:49,1
DA:50,1
DA:54,4
DA:56,4
DA:66,28
DA:70,84
DA:71,0
DA:82,1
DA:83,0
DA:88,1
DA:89,0
DA:90,0
DA:91,0
LF:23
LH:18
BRDA:60,0,0,4
BRDA:60,0,1,4
BRDA:61,1,0,4
BRDA:61,1,1,4
BRDA:70,2,0,0
BRDA:70,2,1,84
BRF:6
BRH:5
end_of_record
TN:
SF:C:\Users\Jeanne\OneDrive\Vinícius\Curso Future4\Vinicius-Abuhid\semana12\taskList 2.0\src\reducers\tasks.js
FN:5,(anonymous_0)
FNF:1
FNH:1
FNDA:1,(anonymous_0)
DA:1,1
DA:5,1
DA:6,1
DA:8,1
DA:12,0
LF:5
LH:4
BRDA:5,0,0,0
BRDA:6,1,0,1
BRDA:6,1,1,0
BRF:3
BRH:1
end_of_record
