TN:
SF:C:\Users\Jeanne\OneDrive\Vinícius\Curso Future4\Vinicius-Abuhid\semana12\src\actions\actions.js
FN:5,(anonymous_0)
FN:14,(anonymous_1)
FN:14,(anonymous_2)
FN:25,(anonymous_3)
FN:25,(anonymous_4)
FNF:5
FNH:1
FNDA:2,(anonymous_0)
FNDA:0,(anonymous_1)
FNDA:0,(anonymous_2)
FNDA:0,(anonymous_3)
FNDA:0,(anonymous_4)
DA:3,3
DA:5,3
DA:6,2
DA:14,3
DA:15,0
DA:16,0
DA:17,0
DA:18,0
DA:21,0
DA:25,3
DA:26,0
DA:27,0
DA:28,0
DA:29,0
DA:32,0
LF:15
LH:5
BRF:0
BRH:0
end_of_record
TN:
SF:C:\Users\Jeanne\OneDrive\Vinícius\Curso Future4\Vinicius-Abuhid\semana12\src\components\addNewTaskBar.js
FN:26,(anonymous_0)
FN:29,(anonymous_1)
FNF:2
FNH:2
FNDA:3,(anonymous_0)
FNDA:3,(anonymous_1)
DA:4,2
DA:11,2
DA:14,2
DA:18,2
DA:20,2
DA:22,2
DA:27,3
DA:30,3
LF:8
LH:8
BRF:0
BRH:0
end_of_record
TN:
SF:C:\Users\Jeanne\OneDrive\Vinícius\Curso Future4\Vinicius-Abuhid\semana12\src\components\taskCard.js
FNF:0
FNH:0
LF:0
LH:0
BRF:0
BRH:0
end_of_record
TN:
SF:C:\Users\Jeanne\OneDrive\Vinícius\Curso Future4\Vinicius-Abuhid\semana12\src\containers\Planner\index.js
FN:31,(anonymous_0)
FN:38,(anonymous_1)
FN:42,(anonymous_2)
FN:49,(anonymous_3)
FN:54,(anonymous_4)
FN:66,(anonymous_5)
FN:70,(anonymous_6)
FN:83,(anonymous_7)
FN:89,(anonymous_8)
FN:91,(anonymous_9)
FN:92,(anonymous_10)
FNF:11
FNH:6
FNDA:2,(anonymous_0)
FNDA:3,(anonymous_1)
FNDA:0,(anonymous_2)
FNDA:1,(anonymous_3)
FNDA:2,(anonymous_4)
FNDA:14,(anonymous_5)
FNDA:42,(anonymous_6)
FNDA:0,(anonymous_7)
FNDA:0,(anonymous_8)
FNDA:0,(anonymous_9)
FNDA:0,(anonymous_10)
DA:8,1
DA:16,1
DA:23,1
DA:32,2
DA:33,2
DA:39,3
DA:42,2
DA:43,0
DA:44,0
DA:49,2
DA:50,1
DA:51,0
DA:55,2
DA:57,2
DA:67,14
DA:71,42
DA:72,0
DA:83,1
DA:84,0
DA:89,1
DA:90,0
DA:91,0
DA:92,0
LF:23
LH:15
BRDA:61,0,0,2
BRDA:61,0,1,2
BRDA:62,1,0,2
BRDA:62,1,1,2
BRDA:71,2,0,0
BRDA:71,2,1,42
BRF:6
BRH:5
end_of_record
